2015-12-14 14:02:51 INFO com.medical.manager.common.util.HttpClient.connect(HttpClient.java:58) - HttpClient客户端连接服务器：http://222.73.117.158/msg/HttpBatchSendSM 
2015-12-14 14:02:51 DEBUG org.apache.commons.httpclient.HttpClient.<clinit>(HttpClient.java:72) - Java version: 1.7.0_79 
2015-12-14 14:02:51 DEBUG org.apache.commons.httpclient.HttpClient.<clinit>(HttpClient.java:73) - Java vendor: Oracle Corporation 
2015-12-14 14:02:51 DEBUG org.apache.commons.httpclient.HttpClient.<clinit>(HttpClient.java:74) - Java class path: D:\work\workspace_crosspay\medicalmanager\target\classes;C:\Users\Jason\.m2\repository\commons-codec\commons-codec\1.10\commons-codec-1.10.jar;C:\Users\Jason\.m2\repository\org\springframework\spring-webmvc\4.1.0.RELEASE\spring-webmvc-4.1.0.RELEASE.jar;C:\Users\Jason\.m2\repository\org\springframework\spring-beans\4.1.0.RELEASE\spring-beans-4.1.0.RELEASE.jar;C:\Users\Jason\.m2\repository\org\springframework\spring-core\4.1.0.RELEASE\spring-core-4.1.0.RELEASE.jar;C:\Users\Jason\.m2\repository\org\springframework\spring-expression\4.1.0.RELEASE\spring-expression-4.1.0.RELEASE.jar;C:\Users\Jason\.m2\repository\org\springframework\spring-web\4.1.0.RELEASE\spring-web-4.1.0.RELEASE.jar;C:\Users\Jason\.m2\repository\org\slf4j\slf4j-api\1.6.1\slf4j-api-1.6.1.jar;C:\Users\Jason\.m2\repository\org\slf4j\slf4j-log4j12\1.6.1\slf4j-log4j12-1.6.1.jar;C:\Users\Jason\.m2\repository\org\slf4j\jcl-over-slf4j\1.6.1\jcl-over-slf4j-1.6.1.jar;C:\Users\Jason\.m2\repository\org\aspectj\aspectjrt\1.8.4\aspectjrt-1.8.4.jar;C:\Users\Jason\.m2\repository\org\aspectj\aspectjweaver\1.8.4\aspectjweaver-1.8.4.jar;C:\Users\Jason\.m2\repository\javax\inject\javax.inject\1\javax.inject-1.jar;C:\Users\Jason\.m2\repository\commons-dbcp\commons-dbcp\1.4\commons-dbcp-1.4.jar;C:\Users\Jason\.m2\repository\commons-pool\commons-pool\1.5.4\commons-pool-1.5.4.jar;C:\Users\Jason\.m2\repository\jstl\jstl\1.2\jstl-1.2.jar;C:\Users\Jason\.m2\repository\javax\servlet\jsp\jstl\jstl-api\1.2\jstl-api-1.2.jar;C:\Users\Jason\.m2\repository\javax\servlet\servlet-api\2.5\servlet-api-2.5.jar;C:\Users\Jason\.m2\repository\javax\servlet\jsp\jsp-api\2.1\jsp-api-2.1.jar;C:\Users\Jason\.m2\repository\commons-fileupload\commons-fileupload\1.3.1\commons-fileupload-1.3.1.jar;C:\Users\Jason\.m2\repository\commons-io\commons-io\2.4\commons-io-2.4.jar;C:\Users\Jason\.m2\repository\com\baidu\ueditor\1.1.2\ueditor-1.1.2.jar;C:\Users\Jason\.m2\repository\mysql\mysql-connector-java\5.1.35\mysql-connector-java-5.1.35.jar;C:\Users\Jason\.m2\repository\org\json\json\20131018\json-20131018.jar;C:\Users\Jason\.m2\repository\org\springframework\spring-jdbc\4.1.0.RELEASE\spring-jdbc-4.1.0.RELEASE.jar;C:\Users\Jason\.m2\repository\org\springframework\spring-tx\4.1.0.RELEASE\spring-tx-4.1.0.RELEASE.jar;C:\Users\Jason\.m2\repository\org\springframework\spring-context\4.1.0.RELEASE\spring-context-4.1.0.RELEASE.jar;C:\Users\Jason\.m2\repository\org\springframework\spring-aop\4.1.0.RELEASE\spring-aop-4.1.0.RELEASE.jar;C:\Users\Jason\.m2\repository\aopalliance\aopalliance\1.0\aopalliance-1.0.jar;C:\Users\Jason\.m2\repository\org\mybatis\mybatis\3.2.8\mybatis-3.2.8.jar;C:\Users\Jason\.m2\repository\org\mybatis\mybatis-spring\1.2.3\mybatis-spring-1.2.3.jar;C:\Users\Jason\.m2\repository\log4j\log4j\1.2.17\log4j-1.2.17.jar;C:\Users\Jason\.m2\repository\com\alibaba\fastjson\1.2.6\fastjson-1.2.6.jar;C:\Users\Jason\.m2\repository\org\apache\commons\commons-lang3\3.4\commons-lang3-3.4.jar;C:\Users\Jason\.m2\repository\commons-beanutils\commons-beanutils\1.8.3\commons-beanutils-1.8.3.jar;C:\Users\Jason\.m2\repository\commons-logging\commons-logging\1.1.1\commons-logging-1.1.1.jar;C:\Users\Jason\.m2\repository\com\github\pagehelper\pagehelper\3.7.5\pagehelper-3.7.5.jar;C:\Users\Jason\.m2\repository\com\github\jsqlparser\jsqlparser\0.9.1\jsqlparser-0.9.1.jar;C:\Users\Jason\.m2\repository\net\coobird\thumbnailator\0.4.7\thumbnailator-0.4.7.jar;C:\Users\Jason\.m2\repository\org\apache\poi\poi\3.8\poi-3.8.jar;C:\Users\Jason\.m2\repository\org\apache\poi\poi-excelant\3.8\poi-excelant-3.8.jar;C:\Users\Jason\.m2\repository\org\apache\poi\poi-ooxml\3.8\poi-ooxml-3.8.jar;C:\Users\Jason\.m2\repository\org\apache\poi\poi-ooxml-schemas\3.8\poi-ooxml-schemas-3.8.jar;C:\Users\Jason\.m2\repository\org\apache\xmlbeans\xmlbeans\2.3.0\xmlbeans-2.3.0.jar;C:\Users\Jason\.m2\repository\stax\stax-api\1.0.1\stax-api-1.0.1.jar;C:\Users\Jason\.m2\repository\dom4j\dom4j\1.6.1\dom4j-1.6.1.jar;C:\Users\Jason\.m2\repository\xml-apis\xml-apis\1.0.b2\xml-apis-1.0.b2.jar;C:\Users\Jason\.m2\repository\commons-httpclient\commons-httpclient\3.1\commons-httpclient-3.1.jar 
2015-12-14 14:02:51 DEBUG org.apache.commons.httpclient.HttpClient.<clinit>(HttpClient.java:75) - Operating system name: Windows 7 
2015-12-14 14:02:51 DEBUG org.apache.commons.httpclient.HttpClient.<clinit>(HttpClient.java:76) - Operating system architecture: amd64 
2015-12-14 14:02:51 DEBUG org.apache.commons.httpclient.HttpClient.<clinit>(HttpClient.java:77) - Operating system version: 6.1 
2015-12-14 14:02:51 DEBUG org.apache.commons.httpclient.HttpClient.<clinit>(HttpClient.java:82) - SUN 1.7: SUN (DSA key/parameter generation; DSA signing; SHA-1, MD5 digests; SecureRandom; X.509 certificates; JKS keystore; PKIX CertPathValidator; PKIX CertPathBuilder; LDAP, Collection CertStores, JavaPolicy Policy; JavaLoginConfig Configuration) 
2015-12-14 14:02:51 DEBUG org.apache.commons.httpclient.HttpClient.<clinit>(HttpClient.java:82) - SunRsaSign 1.7: Sun RSA signature provider 
2015-12-14 14:02:51 DEBUG org.apache.commons.httpclient.HttpClient.<clinit>(HttpClient.java:82) - SunEC 1.7: Sun Elliptic Curve provider (EC, ECDSA, ECDH) 
2015-12-14 14:02:51 DEBUG org.apache.commons.httpclient.HttpClient.<clinit>(HttpClient.java:82) - SunJSSE 1.7: Sun JSSE provider(PKCS12, SunX509 key/trust factories, SSLv3, TLSv1) 
2015-12-14 14:02:51 DEBUG org.apache.commons.httpclient.HttpClient.<clinit>(HttpClient.java:82) - SunJCE 1.7: SunJCE Provider (implements RSA, DES, Triple DES, AES, Blowfish, ARCFOUR, RC2, PBE, Diffie-Hellman, HMAC) 
2015-12-14 14:02:51 DEBUG org.apache.commons.httpclient.HttpClient.<clinit>(HttpClient.java:82) - SunJGSS 1.7: Sun (Kerberos v5, SPNEGO) 
2015-12-14 14:02:51 DEBUG org.apache.commons.httpclient.HttpClient.<clinit>(HttpClient.java:82) - SunSASL 1.7: Sun SASL provider(implements client mechanisms for: DIGEST-MD5, GSSAPI, EXTERNAL, PLAIN, CRAM-MD5, NTLM; server mechanisms for: DIGEST-MD5, GSSAPI, CRAM-MD5, NTLM) 
2015-12-14 14:02:51 DEBUG org.apache.commons.httpclient.HttpClient.<clinit>(HttpClient.java:82) - XMLDSig 1.0: XMLDSig (DOM XMLSignatureFactory; DOM KeyInfoFactory) 
2015-12-14 14:02:51 DEBUG org.apache.commons.httpclient.HttpClient.<clinit>(HttpClient.java:82) - SunPCSC 1.7: Sun PC/SC provider 
2015-12-14 14:02:51 DEBUG org.apache.commons.httpclient.HttpClient.<clinit>(HttpClient.java:82) - SunMSCAPI 1.7: Sun's Microsoft Crypto API provider 
2015-12-14 14:02:51 DEBUG org.apache.commons.httpclient.params.DefaultHttpParams.setParameter(DefaultHttpParams.java:151) - Set parameter http.useragent = Jakarta Commons-HttpClient/3.1 
2015-12-14 14:02:51 DEBUG org.apache.commons.httpclient.params.DefaultHttpParams.setParameter(DefaultHttpParams.java:151) - Set parameter http.protocol.version = HTTP/1.1 
2015-12-14 14:02:51 DEBUG org.apache.commons.httpclient.params.DefaultHttpParams.setParameter(DefaultHttpParams.java:151) - Set parameter http.connection-manager.class = class org.apache.commons.httpclient.SimpleHttpConnectionManager 
2015-12-14 14:02:51 DEBUG org.apache.commons.httpclient.params.DefaultHttpParams.setParameter(DefaultHttpParams.java:151) - Set parameter http.protocol.cookie-policy = default 
2015-12-14 14:02:51 DEBUG org.apache.commons.httpclient.params.DefaultHttpParams.setParameter(DefaultHttpParams.java:151) - Set parameter http.protocol.element-charset = US-ASCII 
2015-12-14 14:02:51 DEBUG org.apache.commons.httpclient.params.DefaultHttpParams.setParameter(DefaultHttpParams.java:151) - Set parameter http.protocol.content-charset = ISO-8859-1 
2015-12-14 14:02:51 DEBUG org.apache.commons.httpclient.params.DefaultHttpParams.setParameter(DefaultHttpParams.java:151) - Set parameter http.method.retry-handler = org.apache.commons.httpclient.DefaultHttpMethodRetryHandler@3b7e7d1a 
2015-12-14 14:02:51 DEBUG org.apache.commons.httpclient.params.DefaultHttpParams.setParameter(DefaultHttpParams.java:151) - Set parameter http.dateparser.patterns = [EEE, dd MMM yyyy HH:mm:ss zzz, EEEE, dd-MMM-yy HH:mm:ss zzz, EEE MMM d HH:mm:ss yyyy, EEE, dd-MMM-yyyy HH:mm:ss z, EEE, dd-MMM-yyyy HH-mm-ss z, EEE, dd MMM yy HH:mm:ss z, EEE dd-MMM-yyyy HH:mm:ss z, EEE dd MMM yyyy HH:mm:ss z, EEE dd-MMM-yyyy HH-mm-ss z, EEE dd-MMM-yy HH:mm:ss z, EEE dd MMM yy HH:mm:ss z, EEE,dd-MMM-yy HH:mm:ss z, EEE,dd-MMM-yyyy HH:mm:ss z, EEE, dd-MM-yyyy HH:mm:ss z] 
2015-12-14 14:02:51 DEBUG org.apache.commons.httpclient.params.DefaultHttpParams.setParameter(DefaultHttpParams.java:151) - Set parameter http.protocol.content-charset = utf-8 
2015-12-14 14:02:51 DEBUG org.apache.commons.httpclient.HttpConnection.open(HttpConnection.java:692) - Open connection to 222.73.117.158:80 
2015-12-14 14:02:51 DEBUG org.apache.commons.httpclient.Wire.wire(Wire.java:70) - >> "POST /msg/HttpBatchSendSM HTTP/1.1[\r][\n]" 
2015-12-14 14:02:51 DEBUG org.apache.commons.httpclient.HttpMethodBase.addHostRequestHeader(HttpMethodBase.java:1352) - Adding Host request header 
2015-12-14 14:02:51 DEBUG org.apache.commons.httpclient.HttpMethodBase.getContentCharSet(HttpMethodBase.java:2342) - Default charset used: utf-8 
2015-12-14 14:02:51 DEBUG org.apache.commons.httpclient.HttpMethodBase.getContentCharSet(HttpMethodBase.java:2342) - Default charset used: utf-8 
2015-12-14 14:02:51 DEBUG org.apache.commons.httpclient.Wire.wire(Wire.java:70) - >> "User-Agent: Jakarta Commons-HttpClient/3.1[\r][\n]" 
2015-12-14 14:02:51 DEBUG org.apache.commons.httpclient.Wire.wire(Wire.java:70) - >> "Host: 222.73.117.158[\r][\n]" 
2015-12-14 14:02:51 DEBUG org.apache.commons.httpclient.Wire.wire(Wire.java:70) - >> "Content-Length: 561[\r][\n]" 
2015-12-14 14:02:51 DEBUG org.apache.commons.httpclient.Wire.wire(Wire.java:70) - >> "Content-Type: application/x-www-form-urlencoded[\r][\n]" 
2015-12-14 14:02:51 DEBUG org.apache.commons.httpclient.Wire.wire(Wire.java:70) - >> "[\r][\n]" 
2015-12-14 14:02:51 DEBUG org.apache.commons.httpclient.Wire.wire(Wire.java:84) - >> "account=Dlzd666&pswd=Dlzd666666&mobile=18583855089&msg=%E4%B8%BA%E4%BA%86%E6%9B%B4%E6%96%B9%E4%BE%BF%E4%B8%BA%E4%BD%A0%E6%9C%8D%E5%8A%A1%EF%BC%8C%E4%BD%BF%E7%94%A8%E6%99%BA%E8%83%BD%E6%80%A5%E6%95%91%E7%B3%BB%E7%BB%9F%EF%BC%8C%E4%BD%A0%E5%8F%AF%E4%BB%A5%E9%9A%8F%E6%97%B6%E7%9F%A5%E9%81%93%E4%BD%A0%E7%88%B8%E5%A6%88%E5%AE%89%E5%85%A8%E7%8A%B6%E6%80%81%EF%BC%8C%E8%AF%B7%E5%85%8D%E8%B4%B9%E4%B8%8B%E8%BD%BD%E5%AE%89%E8%A3%85%E5%9C%B0%E5%9D%80%EF%BC%9Ahttp%3A%2F%2F500v.com%2Fxz.htm+%5B%E6%99%BA%E8%83%BD%E6%80%A5%E6%95%91%5D%E9%80%80%E8%AE%A2TD&needstatus=false" 
2015-12-14 14:02:51 DEBUG org.apache.commons.httpclient.methods.EntityEnclosingMethod.writeRequestBody(EntityEnclosingMethod.java:508) - Request body sent 
2015-12-14 14:02:51 DEBUG org.apache.commons.httpclient.Wire.wire(Wire.java:70) - << "HTTP/1.1 200 OK[\r][\n]" 
2015-12-14 14:02:51 DEBUG org.apache.commons.httpclient.Wire.wire(Wire.java:70) - << "HTTP/1.1 200 OK[\r][\n]" 
2015-12-14 14:02:51 DEBUG org.apache.commons.httpclient.Wire.wire(Wire.java:70) - << "Server: Apache-Coyote/1.1[\r][\n]" 
2015-12-14 14:02:51 DEBUG org.apache.commons.httpclient.Wire.wire(Wire.java:70) - << "Cache-Control: no-store[\r][\n]" 
2015-12-14 14:02:51 DEBUG org.apache.commons.httpclient.Wire.wire(Wire.java:70) - << "Expires: 0[\r][\n]" 
2015-12-14 14:02:51 DEBUG org.apache.commons.httpclient.Wire.wire(Wire.java:70) - << "Content-Type: text/plain;charset=UTF-8[\r][\n]" 
2015-12-14 14:02:51 DEBUG org.apache.commons.httpclient.Wire.wire(Wire.java:70) - << "Transfer-Encoding: chunked[\r][\n]" 
2015-12-14 14:02:51 DEBUG org.apache.commons.httpclient.Wire.wire(Wire.java:70) - << "Date: Mon, 14 Dec 2015 06:01:36 GMT[\r][\n]" 
2015-12-14 14:02:51 DEBUG org.apache.commons.httpclient.Wire.wire(Wire.java:70) - << "[\r][\n]" 
2015-12-14 14:02:51 WARN org.apache.commons.httpclient.HttpMethodBase.getResponseBody(HttpMethodBase.java:682) - Going to buffer response body of large or unknown size. Using getResponseBodyAsStream instead is recommended. 
2015-12-14 14:02:51 DEBUG org.apache.commons.httpclient.HttpMethodBase.getResponseBody(HttpMethodBase.java:685) - Buffering response body 
2015-12-14 14:02:51 DEBUG org.apache.commons.httpclient.Wire.wire(Wire.java:84) - << "1" 
2015-12-14 14:02:51 DEBUG org.apache.commons.httpclient.Wire.wire(Wire.java:84) - << "0" 
2015-12-14 14:02:51 DEBUG org.apache.commons.httpclient.Wire.wire(Wire.java:84) - << "[\r]" 
2015-12-14 14:02:51 DEBUG org.apache.commons.httpclient.Wire.wire(Wire.java:70) - << "[\n]" 
2015-12-14 14:02:51 DEBUG org.apache.commons.httpclient.Wire.wire(Wire.java:84) - << "20151214140136,0" 
2015-12-14 14:02:51 DEBUG org.apache.commons.httpclient.Wire.wire(Wire.java:84) - << "[\r]" 
2015-12-14 14:02:51 DEBUG org.apache.commons.httpclient.Wire.wire(Wire.java:70) - << "[\n]" 
2015-12-14 14:02:51 DEBUG org.apache.commons.httpclient.Wire.wire(Wire.java:84) - << "0" 
2015-12-14 14:02:51 DEBUG org.apache.commons.httpclient.Wire.wire(Wire.java:84) - << "[\r]" 
2015-12-14 14:02:51 DEBUG org.apache.commons.httpclient.Wire.wire(Wire.java:70) - << "[\n]" 
2015-12-14 14:02:51 DEBUG org.apache.commons.httpclient.Wire.wire(Wire.java:84) - << "[\r]" 
2015-12-14 14:02:51 DEBUG org.apache.commons.httpclient.Wire.wire(Wire.java:70) - << "[\n]" 
2015-12-14 14:02:51 DEBUG org.apache.commons.httpclient.Wire.wire(Wire.java:70) - << "[\r][\n]" 
2015-12-14 14:02:51 DEBUG org.apache.commons.httpclient.HttpMethodBase.shouldCloseConnection(HttpMethodBase.java:1024) - Resorting to protocol version default close connection policy 
2015-12-14 14:02:51 DEBUG org.apache.commons.httpclient.HttpMethodBase.shouldCloseConnection(HttpMethodBase.java:1028) - Should NOT close connection, using HTTP/1.1 
2015-12-14 14:02:51 DEBUG org.apache.commons.httpclient.HttpConnection.releaseConnection(HttpConnection.java:1178) - Releasing connection back to connection manager. 
2015-12-14 14:02:51 INFO com.medical.manager.common.util.HttpClient.sendPost(HttpClient.java:127) - HttpClient客户端交易结果响应码：200, 交易结果消息：20151214140136,0 
